2015/01/26 02:31:03 [error] [exception.CHttpException.404] exception 'CHttpException' with message 'Unable to resolve the request "GII".' in /opt/lampp/htdocs/yii/framework/web/CWebApplication.php:286
Stack trace:
#0 /opt/lampp/htdocs/yii/framework/web/CWebApplication.php(141): CWebApplication->runController('GII')
#1 /opt/lampp/htdocs/yii/framework/base/CApplication.php(180): CWebApplication->processRequest()
#2 /opt/lampp/htdocs/RQT/index.php(13): CApplication->run()
#3 {main}
REQUEST_URI=/RQT/index.php?r=GII
---
2015/01/26 02:31:35 [error] [exception.CDbException] exception 'CDbException' with message 'CDbConnection failed to open the DB connection: SQLSTATE[HY000] [1049] Unknown database 'testdrive'' in /opt/lampp/htdocs/yii/framework/db/CDbConnection.php:382
Stack trace:
#0 /opt/lampp/htdocs/yii/framework/db/CDbConnection.php(330): CDbConnection->open()
#1 /opt/lampp/htdocs/yii/framework/db/CDbConnection.php(308): CDbConnection->setActive(true)
#2 /opt/lampp/htdocs/yii/framework/base/CModule.php(387): CDbConnection->init()
#3 /opt/lampp/htdocs/yii/framework/base/CModule.php(103): CModule->getComponent('db')
#4 /opt/lampp/htdocs/yii/framework/gii/generators/model/ModelCode.php(60): CModule->__get('db')
#5 /opt/lampp/htdocs/yii/framework/web/CFormModel.php(39): ModelCode->init()
#6 /opt/lampp/htdocs/yii/framework/gii/CCodeGenerator.php(153): CFormModel->__construct()
#7 /opt/lampp/htdocs/yii/framework/gii/CCodeGenerator.php(63): CCodeGenerator->prepare()
#8 /opt/lampp/htdocs/yii/framework/web/actions/CInlineAction.php(49): CCodeGenerator->actionIndex()
#9 /opt/lampp/htdocs/yii/framework/web/CController.php(308): CInlineAction->runWithParams(Array)
#10 /opt/lampp/htdocs/yii/framework/web/CController.php(286): CController->runAction(Object(CInlineAction))
#11 /opt/lampp/htdocs/yii/framework/web/CController.php(265): CController->runActionWithFilters(Object(CInlineAction), Array)
#12 /opt/lampp/htdocs/yii/framework/web/CWebApplication.php(282): CController->run('index')
#13 /opt/lampp/htdocs/yii/framework/web/CWebApplication.php(141): CWebApplication->runController('gii/model/index')
#14 /opt/lampp/htdocs/yii/framework/base/CApplication.php(180): CWebApplication->processRequest()
#15 /opt/lampp/htdocs/RQT/index.php(13): CApplication->run()
#16 {main}
REQUEST_URI=/RQT/index.php?r=gii/model/index
HTTP_REFERER=http://localhost/RQT/index.php?r=gii/default/index
---
